<?xml version="1.0" encoding="UTF-8"?>
<!-- Generated by org.testng.reporters.JUnitReportReporter -->
<testsuite skipped="0" hostname="IN-C02D733KMD6M.local" name="com.automation.testcases.web.HomePageTest" tests="1" failures="0" timestamp="2022-05-18T13:45:41 IST" time="6.324" errors="0">
  <testcase name="verifySearch" time="6.324" classname="com.automation.testcases.web.HomePageTest"/>
  <system-out/>
</testsuite> <!-- com.automation.testcases.web.HomePageTest -->
